<?xml version="1.0" encoding="UTF-8"?>
<!-- Generated by org.testng.reporters.JUnitReportReporter -->
<testsuite ignored="0" hostname="LAPTOP-MO4E1E2H" failures="0" tests="1" name="org.testing.TestScripts.TC6" time="0.053" errors="0" timestamp="18 Aug 2019 11:57:29 GMT" skipped="0">
  <testcase classname="org.testing.TestScripts.TC6" name="tc6" time="0.053"/>
</testsuite> <!-- org.testing.TestScripts.TC6 -->
