<?xml version="1.0" encoding="UTF-8"?>
<!-- Generated by org.testng.reporters.JUnitReportReporter -->
<testsuite ignored="0" hostname="LAPTOP-MO4E1E2H" failures="0" tests="1" name="org.testing.TestScripts.TC5" time="2.084" errors="0" timestamp="18 Aug 2019 10:10:12 GMT" skipped="0">
  <testcase classname="org.testing.TestScripts.TC5" name="tc5" time="2.084"/>
</testsuite> <!-- org.testing.TestScripts.TC5 -->
