<?xml version="1.0" encoding="UTF-8"?>
<!-- Generated by org.testng.reporters.JUnitReportReporter -->
<testsuite ignored="0" hostname="LAPTOP-MO4E1E2H" failures="0" tests="1" name="org.testing.TestScripts.TC3" time="2.131" errors="0" timestamp="18 Aug 2019 10:01:51 GMT" skipped="0">
  <testcase classname="org.testing.TestScripts.TC3" name="tc3" time="2.131"/>
</testsuite> <!-- org.testing.TestScripts.TC3 -->
